<?xml version="1.0" encoding="UTF-8"?>
<!-- Generated by org.testng.reporters.JUnitReportReporter -->
<testsuite hostname="USABOS391884L" failures="0" tests="2" name="testcases.DepositPageTest" time="12.038" errors="0" timestamp="2021-05-03T10:57:11 EDT" skipped="0">
  <testcase classname="testcases.DepositPageTest" name="depositTest" time="6.005"/>
  <system-out/>
  <testcase classname="testcases.DepositPageTest" name="depositTest" time="6.033"/>
  <system-out/>
</testsuite> <!-- testcases.DepositPageTest -->
